Fri Sep 07 2018 22:12:33 GMT+0530 (IST) GET /
Fri Sep 07 2018 22:12:33 GMT+0530 (IST) GET /favicon.ico
Fri Sep 07 2018 22:13:21 GMT+0530 (IST) GET /
Fri Sep 07 2018 22:19:44 GMT+0530 (IST) GET /addcategory
Sun Sep 09 2018 19:45:58 GMT+0530 (IST) GET /
Sun Sep 09 2018 21:15:09 GMT+0530 (IST) GET /
Sun Sep 09 2018 21:15:13 GMT+0530 (IST) GET /register
Sun Sep 09 2018 21:15:31 GMT+0530 (IST) POST /register
Sun Sep 09 2018 21:18:09 GMT+0530 (IST) GET /register
Sun Sep 09 2018 21:18:22 GMT+0530 (IST) POST /register
Sun Sep 09 2018 21:19:52 GMT+0530 (IST) POST /register
Sun Sep 09 2018 21:20:00 GMT+0530 (IST) GET /register
Sun Sep 09 2018 21:20:01 GMT+0530 (IST) GET /register
Sun Sep 09 2018 21:20:01 GMT+0530 (IST) GET /register
Sun Sep 09 2018 21:20:01 GMT+0530 (IST) GET /register
Sun Sep 09 2018 21:20:01 GMT+0530 (IST) GET /register
Sun Sep 09 2018 21:20:02 GMT+0530 (IST) GET /register
Sun Sep 09 2018 21:20:02 GMT+0530 (IST) GET /register
Sun Sep 09 2018 21:20:02 GMT+0530 (IST) GET /register
Sun Sep 09 2018 21:20:02 GMT+0530 (IST) GET /register
Sun Sep 09 2018 21:20:02 GMT+0530 (IST) GET /register
Sun Sep 09 2018 21:20:02 GMT+0530 (IST) GET /register
Sun Sep 09 2018 21:20:13 GMT+0530 (IST) POST /register
Sun Sep 09 2018 21:22:44 GMT+0530 (IST) GET /register
Sun Sep 09 2018 21:22:53 GMT+0530 (IST) POST /register
Sun Sep 09 2018 21:29:32 GMT+0530 (IST) POST /register
Sun Sep 09 2018 21:32:10 GMT+0530 (IST) POST /register
Sun Sep 09 2018 21:32:20 GMT+0530 (IST) POST /register
Sun Sep 09 2018 21:35:13 GMT+0530 (IST) POST /register
Sun Sep 09 2018 21:37:23 GMT+0530 (IST) GET /register
Sun Sep 09 2018 21:37:38 GMT+0530 (IST) POST /register
Sun Sep 09 2018 21:39:20 GMT+0530 (IST) GET /register
Sun Sep 09 2018 21:39:31 GMT+0530 (IST) POST /register
Sun Sep 09 2018 21:46:53 GMT+0530 (IST) POST /register
Sun Sep 09 2018 21:47:06 GMT+0530 (IST) GET /register
Sun Sep 09 2018 21:49:04 GMT+0530 (IST) GET /register
Sun Sep 09 2018 21:49:19 GMT+0530 (IST) POST /register
Sun Sep 09 2018 21:54:24 GMT+0530 (IST) GET /login
Sun Sep 09 2018 21:54:37 GMT+0530 (IST) GET /
Sun Sep 09 2018 21:57:08 GMT+0530 (IST) GET /
Sun Sep 09 2018 21:57:11 GMT+0530 (IST) GET /
Sun Sep 09 2018 21:57:12 GMT+0530 (IST) GET /register
Sun Sep 09 2018 21:57:20 GMT+0530 (IST) POST /register
Sun Sep 09 2018 21:59:20 GMT+0530 (IST) POST /register
Sun Sep 09 2018 22:03:28 GMT+0530 (IST) GET /register
Sun Sep 09 2018 22:03:38 GMT+0530 (IST) POST /register
Sun Sep 09 2018 22:24:34 GMT+0530 (IST) GET /register
Sun Sep 09 2018 22:24:41 GMT+0530 (IST) GET /register
Sun Sep 09 2018 22:40:05 GMT+0530 (IST) GET /register
Sun Sep 09 2018 22:40:15 GMT+0530 (IST) POST /register
Sun Sep 09 2018 22:42:15 GMT+0530 (IST) POST /register
Sun Sep 09 2018 22:59:44 GMT+0530 (IST) GET /
Sun Sep 09 2018 22:59:45 GMT+0530 (IST) GET /register
Sun Sep 09 2018 22:59:54 GMT+0530 (IST) POST /register
Sun Sep 09 2018 23:01:20 GMT+0530 (IST) GET /register
Sun Sep 09 2018 23:01:29 GMT+0530 (IST) POST /register
Sun Sep 09 2018 23:01:30 GMT+0530 (IST) GET /
Sun Sep 09 2018 23:01:43 GMT+0530 (IST) POST /login
Sun Sep 09 2018 23:03:01 GMT+0530 (IST) POST /login
Sun Sep 09 2018 23:03:05 GMT+0530 (IST) GET /
Sun Sep 09 2018 23:03:16 GMT+0530 (IST) POST /
Sun Sep 09 2018 23:03:16 GMT+0530 (IST) GET /
Sun Sep 09 2018 23:03:20 GMT+0530 (IST) POST /
Sun Sep 09 2018 23:03:20 GMT+0530 (IST) GET /
Sun Sep 09 2018 23:03:22 GMT+0530 (IST) POST /
Sun Sep 09 2018 23:03:22 GMT+0530 (IST) GET /
Sun Sep 09 2018 23:04:44 GMT+0530 (IST) GET /
Sun Sep 09 2018 23:04:58 GMT+0530 (IST) POST /
Sun Sep 09 2018 23:04:58 GMT+0530 (IST) GET /
Sun Sep 09 2018 23:04:59 GMT+0530 (IST) POST /
Sun Sep 09 2018 23:04:59 GMT+0530 (IST) GET /
Sun Sep 09 2018 23:04:59 GMT+0530 (IST) POST /
Sun Sep 09 2018 23:04:59 GMT+0530 (IST) GET /
Sun Sep 09 2018 23:05:00 GMT+0530 (IST) POST /
Sun Sep 09 2018 23:05:00 GMT+0530 (IST) GET /
Sun Sep 09 2018 23:05:00 GMT+0530 (IST) POST /
Sun Sep 09 2018 23:05:00 GMT+0530 (IST) GET /
Sun Sep 09 2018 23:05:00 GMT+0530 (IST) POST /
Sun Sep 09 2018 23:05:00 GMT+0530 (IST) GET /
Sun Sep 09 2018 23:05:00 GMT+0530 (IST) POST /
Sun Sep 09 2018 23:05:00 GMT+0530 (IST) GET /
Sun Sep 09 2018 23:05:00 GMT+0530 (IST) POST /
Sun Sep 09 2018 23:05:00 GMT+0530 (IST) GET /
Sun Sep 09 2018 23:05:01 GMT+0530 (IST) POST /
Sun Sep 09 2018 23:05:01 GMT+0530 (IST) GET /
Sun Sep 09 2018 23:05:01 GMT+0530 (IST) POST /
Sun Sep 09 2018 23:05:01 GMT+0530 (IST) GET /
Sun Sep 09 2018 23:05:01 GMT+0530 (IST) POST /
Sun Sep 09 2018 23:05:01 GMT+0530 (IST) GET /
Sun Sep 09 2018 23:05:01 GMT+0530 (IST) POST /
Sun Sep 09 2018 23:05:01 GMT+0530 (IST) GET /
Sun Sep 09 2018 23:05:01 GMT+0530 (IST) POST /
Sun Sep 09 2018 23:05:01 GMT+0530 (IST) GET /
Sun Sep 09 2018 23:05:01 GMT+0530 (IST) POST /
Sun Sep 09 2018 23:05:01 GMT+0530 (IST) GET /
Sun Sep 09 2018 23:05:01 GMT+0530 (IST) POST /
Sun Sep 09 2018 23:05:01 GMT+0530 (IST) GET /
Sun Sep 09 2018 23:05:02 GMT+0530 (IST) POST /
Sun Sep 09 2018 23:05:02 GMT+0530 (IST) GET /
Sun Sep 09 2018 23:05:02 GMT+0530 (IST) POST /
Sun Sep 09 2018 23:05:02 GMT+0530 (IST) GET /
Sun Sep 09 2018 23:05:02 GMT+0530 (IST) POST /
Sun Sep 09 2018 23:05:02 GMT+0530 (IST) GET /
Sun Sep 09 2018 23:05:02 GMT+0530 (IST) POST /
Sun Sep 09 2018 23:05:02 GMT+0530 (IST) GET /
Sun Sep 09 2018 23:05:04 GMT+0530 (IST) GET /register
Sun Sep 09 2018 23:05:14 GMT+0530 (IST) POST /register
Sun Sep 09 2018 23:05:34 GMT+0530 (IST) POST /
Sun Sep 09 2018 23:05:34 GMT+0530 (IST) GET /
Sun Sep 09 2018 23:05:35 GMT+0530 (IST) POST /
Sun Sep 09 2018 23:05:35 GMT+0530 (IST) GET /
Sun Sep 09 2018 23:05:35 GMT+0530 (IST) POST /
Sun Sep 09 2018 23:05:35 GMT+0530 (IST) GET /
Sun Sep 09 2018 23:05:35 GMT+0530 (IST) POST /
Sun Sep 09 2018 23:05:35 GMT+0530 (IST) GET /
Sun Sep 09 2018 23:05:35 GMT+0530 (IST) POST /
Sun Sep 09 2018 23:05:35 GMT+0530 (IST) GET /
Sun Sep 09 2018 23:05:35 GMT+0530 (IST) POST /
Sun Sep 09 2018 23:05:35 GMT+0530 (IST) GET /
Sun Sep 09 2018 23:05:35 GMT+0530 (IST) POST /
Sun Sep 09 2018 23:05:35 GMT+0530 (IST) GET /
Sun Sep 09 2018 23:05:36 GMT+0530 (IST) POST /
Sun Sep 09 2018 23:05:36 GMT+0530 (IST) GET /
Sun Sep 09 2018 23:05:36 GMT+0530 (IST) POST /
Sun Sep 09 2018 23:05:36 GMT+0530 (IST) GET /
Sun Sep 09 2018 23:07:06 GMT+0530 (IST) GET /
Sun Sep 09 2018 23:07:23 GMT+0530 (IST) POST /
Sun Sep 09 2018 23:07:23 GMT+0530 (IST) GET /
Sun Sep 09 2018 23:07:28 GMT+0530 (IST) GET /test
Sun Sep 09 2018 23:07:37 GMT+0530 (IST) GET /
Sun Sep 09 2018 23:08:26 GMT+0530 (IST) GET /
Sun Sep 09 2018 23:08:31 GMT+0530 (IST) GET /test
Sun Sep 09 2018 23:08:31 GMT+0530 (IST) GET /
Sun Sep 09 2018 23:08:42 GMT+0530 (IST) POST /
Sun Sep 09 2018 23:08:42 GMT+0530 (IST) GET /
Sun Sep 09 2018 23:08:44 GMT+0530 (IST) POST /
Sun Sep 09 2018 23:08:44 GMT+0530 (IST) GET /
Sun Sep 09 2018 23:08:44 GMT+0530 (IST) POST /
Sun Sep 09 2018 23:08:44 GMT+0530 (IST) GET /
Sun Sep 09 2018 23:08:44 GMT+0530 (IST) POST /
Sun Sep 09 2018 23:08:44 GMT+0530 (IST) GET /
Sun Sep 09 2018 23:08:44 GMT+0530 (IST) POST /
Sun Sep 09 2018 23:08:44 GMT+0530 (IST) GET /
Sun Sep 09 2018 23:08:44 GMT+0530 (IST) POST /
Sun Sep 09 2018 23:08:44 GMT+0530 (IST) GET /
Sun Sep 09 2018 23:08:44 GMT+0530 (IST) POST /
Sun Sep 09 2018 23:08:44 GMT+0530 (IST) GET /
Sun Sep 09 2018 23:08:45 GMT+0530 (IST) POST /
Sun Sep 09 2018 23:08:45 GMT+0530 (IST) GET /
Sun Sep 09 2018 23:08:45 GMT+0530 (IST) POST /
Sun Sep 09 2018 23:08:45 GMT+0530 (IST) GET /
Sun Sep 09 2018 23:08:45 GMT+0530 (IST) POST /
Sun Sep 09 2018 23:08:45 GMT+0530 (IST) GET /
Sun Sep 09 2018 23:14:23 GMT+0530 (IST) GET /
Sun Sep 09 2018 23:14:35 GMT+0530 (IST) POST /
Sun Sep 09 2018 23:14:35 GMT+0530 (IST) GET /
Sun Sep 09 2018 23:15:52 GMT+0530 (IST) GET /
Sun Sep 09 2018 23:16:01 GMT+0530 (IST) POST /
Sun Sep 09 2018 23:16:59 GMT+0530 (IST) POST /
Sun Sep 09 2018 23:16:59 GMT+0530 (IST) GET /test
Sun Sep 09 2018 23:17:06 GMT+0530 (IST) GET /logout
Sun Sep 09 2018 23:17:11 GMT+0530 (IST) GET /
Sun Sep 09 2018 23:19:46 GMT+0530 (IST) GET /
Sun Sep 09 2018 23:19:55 GMT+0530 (IST) POST /
Sun Sep 09 2018 23:19:55 GMT+0530 (IST) GET /test
Sun Sep 09 2018 23:20:04 GMT+0530 (IST) GET /logout
Sun Sep 09 2018 23:20:04 GMT+0530 (IST) GET /
Sun Sep 09 2018 23:20:11 GMT+0530 (IST) GET /test
Sun Sep 09 2018 23:20:11 GMT+0530 (IST) GET /
Sun Sep 09 2018 23:20:16 GMT+0530 (IST) GET /logout
Sun Sep 09 2018 23:20:16 GMT+0530 (IST) GET /
Mon Sep 10 2018 11:07:28 GMT+0530 (India Standard Time) GET /
Mon Sep 10 2018 11:07:29 GMT+0530 (India Standard Time) GET /favicon.ico
Mon Sep 10 2018 11:07:34 GMT+0530 (India Standard Time) GET /register
Mon Sep 10 2018 11:07:44 GMT+0530 (India Standard Time) GET /register
Mon Sep 10 2018 11:08:18 GMT+0530 (India Standard Time) POST /register
Mon Sep 10 2018 11:08:43 GMT+0530 (India Standard Time) GET /home
Mon Sep 10 2018 11:09:06 GMT+0530 (India Standard Time) POST /
Mon Sep 10 2018 11:09:06 GMT+0530 (India Standard Time) GET /
Mon Sep 10 2018 11:09:11 GMT+0530 (India Standard Time) GET /home
Mon Sep 10 2018 11:09:22 GMT+0530 (India Standard Time) GET /register
Mon Sep 10 2018 11:09:38 GMT+0530 (India Standard Time) POST /register
Mon Sep 10 2018 11:09:57 GMT+0530 (India Standard Time) POST /
Mon Sep 10 2018 11:11:57 GMT+0530 (India Standard Time) POST /
Mon Sep 10 2018 11:12:54 GMT+0530 (India Standard Time) POST /
Mon Sep 10 2018 11:17:37 GMT+0530 (India Standard Time) GET /
Mon Sep 10 2018 11:17:39 GMT+0530 (India Standard Time) GET /register
Mon Sep 10 2018 11:17:52 GMT+0530 (India Standard Time) POST /register
Mon Sep 10 2018 11:17:53 GMT+0530 (India Standard Time) GET /
Mon Sep 10 2018 11:18:00 GMT+0530 (India Standard Time) POST /
Mon Sep 10 2018 11:18:00 GMT+0530 (India Standard Time) GET /test
Mon Sep 10 2018 11:18:08 GMT+0530 (India Standard Time) GET /home
Mon Sep 10 2018 11:18:09 GMT+0530 (India Standard Time) GET /data
Mon Sep 10 2018 11:18:09 GMT+0530 (India Standard Time) GET /dataquantity
Mon Sep 10 2018 11:18:11 GMT+0530 (India Standard Time) GET /data
Mon Sep 10 2018 11:18:12 GMT+0530 (India Standard Time) GET /data
Mon Sep 10 2018 11:18:12 GMT+0530 (India Standard Time) GET /data
Mon Sep 10 2018 11:18:12 GMT+0530 (India Standard Time) GET /data
Mon Sep 10 2018 11:18:27 GMT+0530 (India Standard Time) GET /home
Mon Sep 10 2018 11:18:28 GMT+0530 (India Standard Time) GET /data
Mon Sep 10 2018 11:18:28 GMT+0530 (India Standard Time) GET /dataquantity
Mon Sep 10 2018 11:18:28 GMT+0530 (India Standard Time) GET /data
Mon Sep 10 2018 11:18:28 GMT+0530 (India Standard Time) GET /data
Mon Sep 10 2018 11:18:28 GMT+0530 (India Standard Time) GET /data
Mon Sep 10 2018 11:18:28 GMT+0530 (India Standard Time) GET /data
Mon Sep 10 2018 11:28:26 GMT+0530 (India Standard Time) GET /
Mon Sep 10 2018 11:28:34 GMT+0530 (India Standard Time) POST /
Mon Sep 10 2018 11:28:34 GMT+0530 (India Standard Time) GET /
Mon Sep 10 2018 11:28:37 GMT+0530 (India Standard Time) POST /
Mon Sep 10 2018 11:28:37 GMT+0530 (India Standard Time) GET /
Mon Sep 10 2018 11:29:14 GMT+0530 (India Standard Time) GET /register
Mon Sep 10 2018 11:29:28 GMT+0530 (India Standard Time) POST /register
Mon Sep 10 2018 11:29:29 GMT+0530 (India Standard Time) GET /
Mon Sep 10 2018 11:29:37 GMT+0530 (India Standard Time) POST /
Mon Sep 10 2018 11:29:37 GMT+0530 (India Standard Time) GET /test
Mon Sep 10 2018 11:30:33 GMT+0530 (India Standard Time) GET /
Mon Sep 10 2018 11:30:39 GMT+0530 (India Standard Time) POST /
Mon Sep 10 2018 11:30:39 GMT+0530 (India Standard Time) GET /test
Mon Sep 10 2018 11:30:53 GMT+0530 (India Standard Time) GET /
Mon Sep 10 2018 11:30:59 GMT+0530 (India Standard Time) POST /
Mon Sep 10 2018 11:31:00 GMT+0530 (India Standard Time) GET /test
Mon Sep 10 2018 11:31:49 GMT+0530 (India Standard Time) GET /
Mon Sep 10 2018 11:31:59 GMT+0530 (India Standard Time) POST /
Mon Sep 10 2018 11:31:59 GMT+0530 (India Standard Time) GET /test
Mon Sep 10 2018 11:31:59 GMT+0530 (India Standard Time) GET /home
Mon Sep 10 2018 11:31:59 GMT+0530 (India Standard Time) GET /data
Mon Sep 10 2018 11:32:00 GMT+0530 (India Standard Time) GET /dataquantity
Mon Sep 10 2018 11:32:00 GMT+0530 (India Standard Time) GET /data
Mon Sep 10 2018 11:32:00 GMT+0530 (India Standard Time) GET /data
Mon Sep 10 2018 11:32:00 GMT+0530 (India Standard Time) GET /data
Mon Sep 10 2018 11:32:00 GMT+0530 (India Standard Time) GET /data
Mon Sep 10 2018 11:32:05 GMT+0530 (India Standard Time) GET /addquantity
Mon Sep 10 2018 11:32:11 GMT+0530 (India Standard Time) POST /addq
Mon Sep 10 2018 11:32:12 GMT+0530 (India Standard Time) GET /favicon.ico
Mon Sep 10 2018 11:32:13 GMT+0530 (India Standard Time) GET /home
Mon Sep 10 2018 11:32:13 GMT+0530 (India Standard Time) GET /data
Mon Sep 10 2018 11:32:13 GMT+0530 (India Standard Time) GET /dataquantity
Mon Sep 10 2018 11:32:13 GMT+0530 (India Standard Time) GET /data
Mon Sep 10 2018 11:32:14 GMT+0530 (India Standard Time) GET /data
Mon Sep 10 2018 11:32:14 GMT+0530 (India Standard Time) GET /data
Mon Sep 10 2018 11:32:14 GMT+0530 (India Standard Time) GET /data
Mon Sep 10 2018 11:36:49 GMT+0530 (India Standard Time) GET /
Mon Sep 10 2018 11:38:36 GMT+0530 (India Standard Time) GET /
Mon Sep 10 2018 11:38:41 GMT+0530 (India Standard Time) GET /
Mon Sep 10 2018 11:39:37 GMT+0530 (India Standard Time) GET /register
Mon Sep 10 2018 11:39:41 GMT+0530 (India Standard Time) GET /register
Mon Sep 10 2018 11:39:46 GMT+0530 (India Standard Time) GET /register
Mon Sep 10 2018 11:39:49 GMT+0530 (India Standard Time) GET /register
Mon Sep 10 2018 11:40:34 GMT+0530 (India Standard Time) GET /
Mon Sep 10 2018 11:41:04 GMT+0530 (India Standard Time) GET /
Mon Sep 10 2018 11:41:05 GMT+0530 (India Standard Time) GET /
Mon Sep 10 2018 11:42:22 GMT+0530 (India Standard Time) GET /
Mon Sep 10 2018 11:42:54 GMT+0530 (India Standard Time) GET /
Mon Sep 10 2018 11:43:10 GMT+0530 (India Standard Time) GET /
Mon Sep 10 2018 11:43:15 GMT+0530 (India Standard Time) GET /register
Mon Sep 10 2018 11:44:17 GMT+0530 (India Standard Time) GET /register
Mon Sep 10 2018 11:45:25 GMT+0530 (India Standard Time) GET /
Mon Sep 10 2018 11:45:28 GMT+0530 (India Standard Time) GET /register
Mon Sep 10 2018 11:45:36 GMT+0530 (India Standard Time) POST /
Mon Sep 10 2018 11:45:36 GMT+0530 (India Standard Time) GET /test
Mon Sep 10 2018 11:45:36 GMT+0530 (India Standard Time) GET /home
Mon Sep 10 2018 11:45:36 GMT+0530 (India Standard Time) GET /data
Mon Sep 10 2018 11:45:37 GMT+0530 (India Standard Time) GET /dataquantity
Mon Sep 10 2018 11:45:37 GMT+0530 (India Standard Time) GET /data
Mon Sep 10 2018 11:45:37 GMT+0530 (India Standard Time) GET /data
Mon Sep 10 2018 11:45:37 GMT+0530 (India Standard Time) GET /data
Mon Sep 10 2018 11:45:37 GMT+0530 (India Standard Time) GET /data
Tue Sep 11 2018 09:16:20 GMT+0530 (India Standard Time) GET /
Tue Sep 11 2018 09:16:20 GMT+0530 (India Standard Time) GET /favicon.ico
Tue Sep 11 2018 09:16:23 GMT+0530 (India Standard Time) GET /register
Tue Sep 11 2018 09:16:57 GMT+0530 (India Standard Time) POST /register
Tue Sep 11 2018 09:16:58 GMT+0530 (India Standard Time) GET /
Tue Sep 11 2018 09:17:08 GMT+0530 (India Standard Time) POST /
Tue Sep 11 2018 09:17:09 GMT+0530 (India Standard Time) GET /test
Tue Sep 11 2018 09:17:09 GMT+0530 (India Standard Time) GET /home
Tue Sep 11 2018 09:17:09 GMT+0530 (India Standard Time) GET /data
Tue Sep 11 2018 09:17:09 GMT+0530 (India Standard Time) GET /dataquantity
Tue Sep 11 2018 09:17:09 GMT+0530 (India Standard Time) GET /data
Tue Sep 11 2018 09:17:09 GMT+0530 (India Standard Time) GET /data
Tue Sep 11 2018 09:17:09 GMT+0530 (India Standard Time) GET /data
Tue Sep 11 2018 09:17:09 GMT+0530 (India Standard Time) GET /data
Tue Sep 11 2018 09:17:15 GMT+0530 (India Standard Time) GET /home
Tue Sep 11 2018 09:17:16 GMT+0530 (India Standard Time) GET /data
Tue Sep 11 2018 09:17:16 GMT+0530 (India Standard Time) GET /dataquantity
Tue Sep 11 2018 09:17:16 GMT+0530 (India Standard Time) GET /data
Tue Sep 11 2018 09:17:16 GMT+0530 (India Standard Time) GET /data
Tue Sep 11 2018 09:17:16 GMT+0530 (India Standard Time) GET /data
Tue Sep 11 2018 09:17:16 GMT+0530 (India Standard Time) GET /data
Tue Sep 11 2018 09:18:39 GMT+0530 (India Standard Time) GET /
Tue Sep 11 2018 09:18:41 GMT+0530 (India Standard Time) GET /register
Tue Sep 11 2018 09:18:56 GMT+0530 (India Standard Time) POST /register
Tue Sep 11 2018 09:19:43 GMT+0530 (India Standard Time) POST /register
Tue Sep 11 2018 09:19:43 GMT+0530 (India Standard Time) GET /
Tue Sep 11 2018 09:23:21 GMT+0530 (India Standard Time) POST /
Tue Sep 11 2018 09:23:21 GMT+0530 (India Standard Time) GET /test
Tue Sep 11 2018 09:23:21 GMT+0530 (India Standard Time) GET /home
Tue Sep 11 2018 09:23:22 GMT+0530 (India Standard Time) GET /data
Tue Sep 11 2018 09:23:22 GMT+0530 (India Standard Time) GET /dataquantity
Tue Sep 11 2018 09:23:22 GMT+0530 (India Standard Time) GET /data
Tue Sep 11 2018 09:23:22 GMT+0530 (India Standard Time) GET /data
Tue Sep 11 2018 09:23:22 GMT+0530 (India Standard Time) GET /data
Tue Sep 11 2018 09:23:22 GMT+0530 (India Standard Time) GET /data
Tue Sep 11 2018 09:23:24 GMT+0530 (India Standard Time) GET /
Tue Sep 11 2018 09:23:30 GMT+0530 (India Standard Time) POST /
Tue Sep 11 2018 09:23:30 GMT+0530 (India Standard Time) GET /
Tue Sep 11 2018 09:30:46 GMT+0530 (India Standard Time) GET /addquantity
Tue Sep 11 2018 09:30:55 GMT+0530 (India Standard Time) GET /home
Tue Sep 11 2018 09:30:55 GMT+0530 (India Standard Time) GET /data
Tue Sep 11 2018 09:30:55 GMT+0530 (India Standard Time) GET /dataquantity
Tue Sep 11 2018 09:30:55 GMT+0530 (India Standard Time) GET /data
Tue Sep 11 2018 09:30:55 GMT+0530 (India Standard Time) GET /data
Tue Sep 11 2018 09:30:55 GMT+0530 (India Standard Time) GET /data
Tue Sep 11 2018 09:30:55 GMT+0530 (India Standard Time) GET /data
Tue Sep 11 2018 09:31:12 GMT+0530 (India Standard Time) GET /logout
Tue Sep 11 2018 09:31:12 GMT+0530 (India Standard Time) GET /home
Tue Sep 11 2018 09:31:13 GMT+0530 (India Standard Time) GET /data
Tue Sep 11 2018 09:31:13 GMT+0530 (India Standard Time) GET /dataquantity
Tue Sep 11 2018 09:31:13 GMT+0530 (India Standard Time) GET /data
Tue Sep 11 2018 09:31:13 GMT+0530 (India Standard Time) GET /data
Tue Sep 11 2018 09:31:13 GMT+0530 (India Standard Time) GET /data
Tue Sep 11 2018 09:31:13 GMT+0530 (India Standard Time) GET /data
Tue Sep 11 2018 09:31:42 GMT+0530 (India Standard Time) GET /
Tue Sep 11 2018 09:31:48 GMT+0530 (India Standard Time) GET /logout
Tue Sep 11 2018 09:31:48 GMT+0530 (India Standard Time) GET /home
Tue Sep 11 2018 09:31:48 GMT+0530 (India Standard Time) GET /data
Tue Sep 11 2018 09:31:48 GMT+0530 (India Standard Time) GET /dataquantity
Tue Sep 11 2018 09:31:48 GMT+0530 (India Standard Time) GET /data
Tue Sep 11 2018 09:31:48 GMT+0530 (India Standard Time) GET /data
Tue Sep 11 2018 09:31:48 GMT+0530 (India Standard Time) GET /data
Tue Sep 11 2018 09:31:48 GMT+0530 (India Standard Time) GET /data
Tue Sep 11 2018 09:31:52 GMT+0530 (India Standard Time) GET /
Tue Sep 11 2018 09:32:57 GMT+0530 (India Standard Time) GET /
Tue Sep 11 2018 09:33:02 GMT+0530 (India Standard Time) GET /home
Tue Sep 11 2018 09:33:07 GMT+0530 (India Standard Time) GET /home
Tue Sep 11 2018 09:33:21 GMT+0530 (India Standard Time) GET /test
Tue Sep 11 2018 09:33:34 GMT+0530 (India Standard Time) GET /test
Tue Sep 11 2018 09:34:28 GMT+0530 (India Standard Time) GET /test
Tue Sep 11 2018 09:34:33 GMT+0530 (India Standard Time) GET /
Tue Sep 11 2018 09:34:44 GMT+0530 (India Standard Time) GET /
Tue Sep 11 2018 09:34:59 GMT+0530 (India Standard Time) POST /
Tue Sep 11 2018 09:34:59 GMT+0530 (India Standard Time) GET /test
Tue Sep 11 2018 09:34:59 GMT+0530 (India Standard Time) GET /home
Tue Sep 11 2018 09:35:00 GMT+0530 (India Standard Time) GET /data
Tue Sep 11 2018 09:35:01 GMT+0530 (India Standard Time) GET /dataquantity
Tue Sep 11 2018 09:35:01 GMT+0530 (India Standard Time) GET /data
Tue Sep 11 2018 09:35:01 GMT+0530 (India Standard Time) GET /data
Tue Sep 11 2018 09:35:01 GMT+0530 (India Standard Time) GET /data
Tue Sep 11 2018 09:35:01 GMT+0530 (India Standard Time) GET /data
Tue Sep 11 2018 09:35:16 GMT+0530 (India Standard Time) GET /test
Tue Sep 11 2018 09:35:16 GMT+0530 (India Standard Time) GET /home
Tue Sep 11 2018 09:35:16 GMT+0530 (India Standard Time) GET /data
Tue Sep 11 2018 09:35:16 GMT+0530 (India Standard Time) GET /dataquantity
Tue Sep 11 2018 09:35:16 GMT+0530 (India Standard Time) GET /data
Tue Sep 11 2018 09:35:16 GMT+0530 (India Standard Time) GET /data
Tue Sep 11 2018 09:35:16 GMT+0530 (India Standard Time) GET /data
Tue Sep 11 2018 09:35:16 GMT+0530 (India Standard Time) GET /data
Tue Sep 11 2018 09:35:54 GMT+0530 (India Standard Time) GET /home
Tue Sep 11 2018 09:35:55 GMT+0530 (India Standard Time) GET /data
Tue Sep 11 2018 09:35:55 GMT+0530 (India Standard Time) GET /dataquantity
Tue Sep 11 2018 09:35:55 GMT+0530 (India Standard Time) GET /data
Tue Sep 11 2018 09:35:55 GMT+0530 (India Standard Time) GET /dataquantity
Tue Sep 11 2018 09:35:55 GMT+0530 (India Standard Time) GET /data
Tue Sep 11 2018 09:35:55 GMT+0530 (India Standard Time) GET /data
Tue Sep 11 2018 09:35:55 GMT+0530 (India Standard Time) GET /data
Tue Sep 11 2018 09:37:15 GMT+0530 (India Standard Time) GET /home
Tue Sep 11 2018 09:37:16 GMT+0530 (India Standard Time) GET /data
Tue Sep 11 2018 09:37:16 GMT+0530 (India Standard Time) GET /dataquantity
Tue Sep 11 2018 09:37:16 GMT+0530 (India Standard Time) GET /data
Tue Sep 11 2018 09:37:16 GMT+0530 (India Standard Time) GET /dataquantity
Tue Sep 11 2018 09:37:16 GMT+0530 (India Standard Time) GET /data
Tue Sep 11 2018 09:37:16 GMT+0530 (India Standard Time) GET /data
Tue Sep 11 2018 09:37:16 GMT+0530 (India Standard Time) GET /data
Tue Sep 11 2018 09:38:44 GMT+0530 (India Standard Time) GET /home
Tue Sep 11 2018 09:38:44 GMT+0530 (India Standard Time) GET /data
Tue Sep 11 2018 09:38:44 GMT+0530 (India Standard Time) GET /dataquantity
Tue Sep 11 2018 09:38:44 GMT+0530 (India Standard Time) GET /data
Tue Sep 11 2018 09:38:44 GMT+0530 (India Standard Time) GET /dataquantity
Tue Sep 11 2018 09:38:44 GMT+0530 (India Standard Time) GET /data
Tue Sep 11 2018 09:38:44 GMT+0530 (India Standard Time) GET /data
Tue Sep 11 2018 09:38:44 GMT+0530 (India Standard Time) GET /data
Tue Sep 11 2018 09:39:17 GMT+0530 (India Standard Time) GET /home
Tue Sep 11 2018 09:39:18 GMT+0530 (India Standard Time) GET /data
Tue Sep 11 2018 09:39:18 GMT+0530 (India Standard Time) GET /data
Tue Sep 11 2018 09:39:18 GMT+0530 (India Standard Time) GET /data
Tue Sep 11 2018 09:39:18 GMT+0530 (India Standard Time) GET /data
Tue Sep 11 2018 09:39:18 GMT+0530 (India Standard Time) GET /data
Tue Sep 11 2018 09:40:09 GMT+0530 (India Standard Time) GET /home
Tue Sep 11 2018 09:40:09 GMT+0530 (India Standard Time) GET /data
Tue Sep 11 2018 09:40:11 GMT+0530 (India Standard Time) GET /home
Tue Sep 11 2018 09:40:12 GMT+0530 (India Standard Time) GET /data
Tue Sep 11 2018 09:40:14 GMT+0530 (India Standard Time) GET /home
Tue Sep 11 2018 09:40:15 GMT+0530 (India Standard Time) GET /data
Tue Sep 11 2018 09:57:22 GMT+0530 (India Standard Time) GET /
Tue Sep 11 2018 09:57:45 GMT+0530 (India Standard Time) POST /
Tue Sep 11 2018 09:57:45 GMT+0530 (India Standard Time) GET /test
Tue Sep 11 2018 09:57:46 GMT+0530 (India Standard Time) GET /home
Tue Sep 11 2018 09:57:46 GMT+0530 (India Standard Time) GET /data
Tue Sep 11 2018 09:57:46 GMT+0530 (India Standard Time) GET /data
Tue Sep 11 2018 09:57:46 GMT+0530 (India Standard Time) GET /data
Tue Sep 11 2018 09:57:46 GMT+0530 (India Standard Time) GET /data
Tue Sep 11 2018 09:57:46 GMT+0530 (India Standard Time) GET /data
Tue Sep 11 2018 09:58:06 GMT+0530 (India Standard Time) GET /addquantity
Tue Sep 11 2018 09:58:15 GMT+0530 (India Standard Time) POST /addq
Tue Sep 11 2018 09:58:16 GMT+0530 (India Standard Time) GET /favicon.ico
Tue Sep 11 2018 09:58:18 GMT+0530 (India Standard Time) GET /home
Tue Sep 11 2018 09:58:18 GMT+0530 (India Standard Time) GET /data
Tue Sep 11 2018 09:58:18 GMT+0530 (India Standard Time) GET /data
Tue Sep 11 2018 09:58:18 GMT+0530 (India Standard Time) GET /data
Tue Sep 11 2018 09:58:18 GMT+0530 (India Standard Time) GET /data
Tue Sep 11 2018 09:58:18 GMT+0530 (India Standard Time) GET /data
Tue Sep 11 2018 09:58:22 GMT+0530 (India Standard Time) GET /addcategory
Tue Sep 11 2018 09:58:24 GMT+0530 (India Standard Time) GET /home
Tue Sep 11 2018 09:58:24 GMT+0530 (India Standard Time) GET /data
Tue Sep 11 2018 09:58:24 GMT+0530 (India Standard Time) GET /data
Tue Sep 11 2018 09:58:24 GMT+0530 (India Standard Time) GET /data
Tue Sep 11 2018 09:58:24 GMT+0530 (India Standard Time) GET /data
Tue Sep 11 2018 09:58:24 GMT+0530 (India Standard Time) GET /data
Wed Sep 19 2018 11:29:29 GMT+0530 (India Standard Time) GET /
Wed Sep 19 2018 11:29:30 GMT+0530 (India Standard Time) GET /favicon.ico
Wed Sep 19 2018 11:29:40 GMT+0530 (India Standard Time) POST /
Wed Sep 19 2018 11:29:40 GMT+0530 (India Standard Time) GET /
Wed Sep 19 2018 11:29:44 GMT+0530 (India Standard Time) GET /register
Wed Sep 19 2018 11:30:19 GMT+0530 (India Standard Time) POST /
Wed Sep 19 2018 11:30:19 GMT+0530 (India Standard Time) GET /
Wed Sep 19 2018 11:30:21 GMT+0530 (India Standard Time) POST /
Wed Sep 19 2018 11:30:21 GMT+0530 (India Standard Time) GET /
Wed Sep 19 2018 11:30:22 GMT+0530 (India Standard Time) GET /register
Wed Sep 19 2018 11:30:31 GMT+0530 (India Standard Time) POST /register
Wed Sep 19 2018 11:30:42 GMT+0530 (India Standard Time) POST /
Wed Sep 19 2018 11:30:42 GMT+0530 (India Standard Time) GET /
Wed Sep 19 2018 11:30:55 GMT+0530 (India Standard Time) GET /home
Wed Sep 19 2018 11:30:55 GMT+0530 (India Standard Time) GET /data
Wed Sep 19 2018 11:30:55 GMT+0530 (India Standard Time) GET /data
Wed Sep 19 2018 11:30:55 GMT+0530 (India Standard Time) GET /data
Wed Sep 19 2018 11:30:55 GMT+0530 (India Standard Time) GET /data
Wed Sep 19 2018 11:30:55 GMT+0530 (India Standard Time) GET /data
Wed Sep 19 2018 11:34:03 GMT+0530 (India Standard Time) GET /
Wed Sep 19 2018 11:34:05 GMT+0530 (India Standard Time) GET /register
Wed Sep 19 2018 11:34:25 GMT+0530 (India Standard Time) POST /register
Wed Sep 19 2018 11:34:25 GMT+0530 (India Standard Time) GET /
Wed Sep 19 2018 11:34:48 GMT+0530 (India Standard Time) POST /
Wed Sep 19 2018 11:34:48 GMT+0530 (India Standard Time) GET /test
Wed Sep 19 2018 11:34:48 GMT+0530 (India Standard Time) GET /home
Wed Sep 19 2018 11:34:49 GMT+0530 (India Standard Time) GET /data
Wed Sep 19 2018 11:34:49 GMT+0530 (India Standard Time) GET /data
Wed Sep 19 2018 11:34:49 GMT+0530 (India Standard Time) GET /data
Wed Sep 19 2018 11:34:49 GMT+0530 (India Standard Time) GET /data
Wed Sep 19 2018 11:34:49 GMT+0530 (India Standard Time) GET /data
Wed Sep 19 2018 11:34:52 GMT+0530 (India Standard Time) GET /
Wed Sep 19 2018 11:36:14 GMT+0530 (India Standard Time) GET /register
Wed Sep 19 2018 11:36:35 GMT+0530 (India Standard Time) POST /register
Wed Sep 19 2018 11:36:35 GMT+0530 (India Standard Time) GET /
Wed Sep 19 2018 11:37:18 GMT+0530 (India Standard Time) POST /
Wed Sep 19 2018 11:37:18 GMT+0530 (India Standard Time) GET /test
Wed Sep 19 2018 11:37:18 GMT+0530 (India Standard Time) GET /home
Wed Sep 19 2018 11:37:18 GMT+0530 (India Standard Time) GET /data
Wed Sep 19 2018 11:37:18 GMT+0530 (India Standard Time) GET /data
Wed Sep 19 2018 11:37:18 GMT+0530 (India Standard Time) GET /data
Wed Sep 19 2018 11:37:19 GMT+0530 (India Standard Time) GET /data
Wed Sep 19 2018 11:37:19 GMT+0530 (India Standard Time) GET /data
Tue Oct 02 2018 22:21:10 GMT+0530 (India Standard Time) GET /
Tue Oct 02 2018 22:21:10 GMT+0530 (India Standard Time) GET /favicon.ico
Tue Oct 02 2018 22:21:26 GMT+0530 (India Standard Time) POST /
Tue Oct 02 2018 22:21:26 GMT+0530 (India Standard Time) GET /
Tue Oct 02 2018 22:23:00 GMT+0530 (India Standard Time) GET /register
Tue Oct 02 2018 22:23:16 GMT+0530 (India Standard Time) POST /register
Tue Oct 02 2018 22:23:16 GMT+0530 (India Standard Time) GET /
Tue Oct 02 2018 22:24:06 GMT+0530 (India Standard Time) POST /
Tue Oct 02 2018 22:24:06 GMT+0530 (India Standard Time) GET /test
Tue Oct 02 2018 22:24:06 GMT+0530 (India Standard Time) GET /home
Tue Oct 02 2018 22:24:07 GMT+0530 (India Standard Time) GET /data
Tue Oct 02 2018 22:24:07 GMT+0530 (India Standard Time) GET /data
Tue Oct 02 2018 22:24:07 GMT+0530 (India Standard Time) GET /data
Tue Oct 02 2018 22:24:07 GMT+0530 (India Standard Time) GET /data
Tue Oct 02 2018 22:24:07 GMT+0530 (India Standard Time) GET /data
Tue Oct 02 2018 22:38:35 GMT+0530 (India Standard Time) GET /home
Tue Oct 02 2018 22:38:35 GMT+0530 (India Standard Time) GET /data
Tue Oct 02 2018 22:38:35 GMT+0530 (India Standard Time) GET /data
Tue Oct 02 2018 22:38:35 GMT+0530 (India Standard Time) GET /data
Tue Oct 02 2018 22:38:35 GMT+0530 (India Standard Time) GET /data
Tue Oct 02 2018 22:38:35 GMT+0530 (India Standard Time) GET /data
Tue Oct 02 2018 22:38:39 GMT+0530 (India Standard Time) GET /
Tue Oct 02 2018 22:38:59 GMT+0530 (India Standard Time) POST /
Tue Oct 02 2018 22:38:59 GMT+0530 (India Standard Time) GET /
Tue Oct 02 2018 22:39:59 GMT+0530 (India Standard Time) GET /register
Tue Oct 02 2018 22:40:09 GMT+0530 (India Standard Time) POST /register
Tue Oct 02 2018 22:40:22 GMT+0530 (India Standard Time) POST /register
Tue Oct 02 2018 22:40:23 GMT+0530 (India Standard Time) GET /
Tue Oct 02 2018 22:40:49 GMT+0530 (India Standard Time) POST /
Tue Oct 02 2018 22:40:49 GMT+0530 (India Standard Time) GET /test
Tue Oct 02 2018 22:40:49 GMT+0530 (India Standard Time) GET /home
Tue Oct 02 2018 22:40:50 GMT+0530 (India Standard Time) GET /data
Tue Oct 02 2018 22:40:50 GMT+0530 (India Standard Time) GET /data
Tue Oct 02 2018 22:40:50 GMT+0530 (India Standard Time) GET /data
Tue Oct 02 2018 22:40:50 GMT+0530 (India Standard Time) GET /data
Tue Oct 02 2018 22:40:50 GMT+0530 (India Standard Time) GET /data
Tue Oct 02 2018 22:40:54 GMT+0530 (India Standard Time) GET /addcategory
Tue Oct 02 2018 22:41:01 GMT+0530 (India Standard Time) POST /addcategory
Tue Oct 02 2018 22:41:26 GMT+0530 (India Standard Time) POST /addcategory
Tue Oct 02 2018 22:46:56 GMT+0530 (India Standard Time) POST /addcategory
Tue Oct 02 2018 22:47:01 GMT+0530 (India Standard Time) GET /
Tue Oct 02 2018 22:47:14 GMT+0530 (India Standard Time) GET /
Tue Oct 02 2018 22:47:16 GMT+0530 (India Standard Time) GET /home
Tue Oct 02 2018 22:47:17 GMT+0530 (India Standard Time) GET /data
Tue Oct 02 2018 22:47:17 GMT+0530 (India Standard Time) GET /data
Tue Oct 02 2018 22:47:17 GMT+0530 (India Standard Time) GET /data
Tue Oct 02 2018 22:47:17 GMT+0530 (India Standard Time) GET /data
Tue Oct 02 2018 22:47:17 GMT+0530 (India Standard Time) GET /data
Tue Oct 02 2018 22:47:19 GMT+0530 (India Standard Time) GET /addcategory
Tue Oct 02 2018 22:47:22 GMT+0530 (India Standard Time) GET /addquantity
Tue Oct 02 2018 22:47:28 GMT+0530 (India Standard Time) POST /addq
Tue Oct 02 2018 22:47:29 GMT+0530 (India Standard Time) GET /favicon.ico
Tue Oct 02 2018 22:47:32 GMT+0530 (India Standard Time) GET /removequantity
Tue Oct 02 2018 22:48:01 GMT+0530 (India Standard Time) GET /home
Tue Oct 02 2018 22:48:02 GMT+0530 (India Standard Time) GET /data
Tue Oct 02 2018 22:48:02 GMT+0530 (India Standard Time) GET /data
Tue Oct 02 2018 22:48:02 GMT+0530 (India Standard Time) GET /data
Tue Oct 02 2018 22:48:02 GMT+0530 (India Standard Time) GET /data
Tue Oct 02 2018 22:48:02 GMT+0530 (India Standard Time) GET /data
Tue Oct 02 2018 22:48:04 GMT+0530 (India Standard Time) GET /addquantity
Tue Oct 02 2018 22:48:13 GMT+0530 (India Standard Time) POST /addq
Tue Oct 02 2018 22:48:15 GMT+0530 (India Standard Time) GET /removequantity
Tue Oct 02 2018 22:52:05 GMT+0530 (India Standard Time) GET /addcategory
Tue Oct 02 2018 22:52:13 GMT+0530 (India Standard Time) POST /addcategory
Tue Oct 02 2018 22:53:09 GMT+0530 (India Standard Time) GET /
Tue Oct 02 2018 22:53:23 GMT+0530 (India Standard Time) GET /
Tue Oct 02 2018 22:53:26 GMT+0530 (India Standard Time) GET /home
Tue Oct 02 2018 22:53:27 GMT+0530 (India Standard Time) GET /data
Tue Oct 02 2018 22:53:27 GMT+0530 (India Standard Time) GET /data
Tue Oct 02 2018 22:53:27 GMT+0530 (India Standard Time) GET /data
Tue Oct 02 2018 22:53:27 GMT+0530 (India Standard Time) GET /data
Tue Oct 02 2018 22:53:27 GMT+0530 (India Standard Time) GET /data
Tue Oct 02 2018 22:53:29 GMT+0530 (India Standard Time) GET /addcategory
Tue Oct 02 2018 22:53:38 GMT+0530 (India Standard Time) POST /addcategory
Tue Oct 02 2018 22:53:41 GMT+0530 (India Standard Time) GET /home
Tue Oct 02 2018 22:53:41 GMT+0530 (India Standard Time) GET /data
Tue Oct 02 2018 22:53:41 GMT+0530 (India Standard Time) GET /data
Tue Oct 02 2018 22:53:41 GMT+0530 (India Standard Time) GET /data
Tue Oct 02 2018 22:53:41 GMT+0530 (India Standard Time) GET /data
Tue Oct 02 2018 22:53:41 GMT+0530 (India Standard Time) GET /data
Tue Oct 02 2018 22:53:43 GMT+0530 (India Standard Time) GET /removequantity
Tue Oct 02 2018 22:56:02 GMT+0530 (India Standard Time) GET /removeq
Tue Oct 02 2018 23:20:13 GMT+0530 (India Standard Time) GET /removequantity
Tue Oct 02 2018 23:20:20 GMT+0530 (India Standard Time) POST /removeq
Tue Oct 02 2018 23:20:23 GMT+0530 (India Standard Time) GET /home
Tue Oct 02 2018 23:20:24 GMT+0530 (India Standard Time) GET /data
Tue Oct 02 2018 23:20:24 GMT+0530 (India Standard Time) GET /data
Tue Oct 02 2018 23:20:24 GMT+0530 (India Standard Time) GET /data
Tue Oct 02 2018 23:20:24 GMT+0530 (India Standard Time) GET /data
Tue Oct 02 2018 23:20:24 GMT+0530 (India Standard Time) GET /data
Tue Oct 02 2018 23:21:03 GMT+0530 (India Standard Time) GET /
Tue Oct 02 2018 23:21:10 GMT+0530 (India Standard Time) GET /register
Tue Oct 02 2018 23:21:30 GMT+0530 (India Standard Time) POST /register
Tue Oct 02 2018 23:21:31 GMT+0530 (India Standard Time) GET /
Tue Oct 02 2018 23:21:35 GMT+0530 (India Standard Time) GET /register
Tue Oct 02 2018 23:22:01 GMT+0530 (India Standard Time) POST /register
Tue Oct 02 2018 23:22:01 GMT+0530 (India Standard Time) GET /
Tue Oct 02 2018 23:22:12 GMT+0530 (India Standard Time) POST /
Tue Oct 02 2018 23:22:12 GMT+0530 (India Standard Time) GET /test
Tue Oct 02 2018 23:22:12 GMT+0530 (India Standard Time) GET /home
Tue Oct 02 2018 23:22:13 GMT+0530 (India Standard Time) GET /data
Tue Oct 02 2018 23:22:13 GMT+0530 (India Standard Time) GET /data
Tue Oct 02 2018 23:22:13 GMT+0530 (India Standard Time) GET /data
Tue Oct 02 2018 23:22:13 GMT+0530 (India Standard Time) GET /data
Tue Oct 02 2018 23:22:13 GMT+0530 (India Standard Time) GET /data
Tue Oct 02 2018 23:22:25 GMT+0530 (India Standard Time) GET /addcategory
Tue Oct 02 2018 23:22:27 GMT+0530 (India Standard Time) GET /addquantity
Tue Oct 02 2018 23:22:36 GMT+0530 (India Standard Time) POST /addq
Tue Oct 02 2018 23:22:38 GMT+0530 (India Standard Time) GET /home
Tue Oct 02 2018 23:22:38 GMT+0530 (India Standard Time) GET /data
Tue Oct 02 2018 23:22:38 GMT+0530 (India Standard Time) GET /data
Tue Oct 02 2018 23:22:39 GMT+0530 (India Standard Time) GET /data
Tue Oct 02 2018 23:22:39 GMT+0530 (India Standard Time) GET /data
Tue Oct 02 2018 23:22:39 GMT+0530 (India Standard Time) GET /data
Tue Oct 02 2018 23:22:46 GMT+0530 (India Standard Time) GET /addquantity
Tue Oct 02 2018 23:22:53 GMT+0530 (India Standard Time) POST /addq
Tue Oct 02 2018 23:22:55 GMT+0530 (India Standard Time) GET /home
Tue Oct 02 2018 23:22:55 GMT+0530 (India Standard Time) GET /data
Tue Oct 02 2018 23:22:55 GMT+0530 (India Standard Time) GET /data
Tue Oct 02 2018 23:22:55 GMT+0530 (India Standard Time) GET /data
Tue Oct 02 2018 23:22:55 GMT+0530 (India Standard Time) GET /data
Tue Oct 02 2018 23:22:55 GMT+0530 (India Standard Time) GET /data
Tue Oct 02 2018 23:23:06 GMT+0530 (India Standard Time) GET /home
Tue Oct 02 2018 23:23:06 GMT+0530 (India Standard Time) GET /data
Tue Oct 02 2018 23:23:06 GMT+0530 (India Standard Time) GET /data
Tue Oct 02 2018 23:23:06 GMT+0530 (India Standard Time) GET /data
Tue Oct 02 2018 23:23:06 GMT+0530 (India Standard Time) GET /data
Tue Oct 02 2018 23:23:06 GMT+0530 (India Standard Time) GET /data
Tue Oct 02 2018 23:35:43 GMT+0530 (India Standard Time) GET /home
Tue Oct 02 2018 23:35:44 GMT+0530 (India Standard Time) GET /data
Tue Oct 02 2018 23:35:44 GMT+0530 (India Standard Time) GET /data
Tue Oct 02 2018 23:35:44 GMT+0530 (India Standard Time) GET /data
Tue Oct 02 2018 23:35:44 GMT+0530 (India Standard Time) GET /data
Tue Oct 02 2018 23:35:44 GMT+0530 (India Standard Time) GET /data
Tue Oct 02 2018 23:37:33 GMT+0530 (India Standard Time) GET /
Tue Oct 02 2018 23:37:39 GMT+0530 (India Standard Time) GET /register
Tue Oct 02 2018 23:37:50 GMT+0530 (India Standard Time) GET /register
Tue Oct 02 2018 23:38:34 GMT+0530 (India Standard Time) POST /register
Tue Oct 02 2018 23:38:35 GMT+0530 (India Standard Time) GET /
Tue Oct 02 2018 23:38:47 GMT+0530 (India Standard Time) POST /
Tue Oct 02 2018 23:38:47 GMT+0530 (India Standard Time) GET /test
Tue Oct 02 2018 23:38:47 GMT+0530 (India Standard Time) GET /home
Tue Oct 02 2018 23:38:48 GMT+0530 (India Standard Time) GET /data
Tue Oct 02 2018 23:38:48 GMT+0530 (India Standard Time) GET /data
Tue Oct 02 2018 23:38:48 GMT+0530 (India Standard Time) GET /data
Tue Oct 02 2018 23:38:48 GMT+0530 (India Standard Time) GET /data
Tue Oct 02 2018 23:38:48 GMT+0530 (India Standard Time) GET /data
Tue Oct 02 2018 23:39:14 GMT+0530 (India Standard Time) GET /home
Tue Oct 02 2018 23:39:15 GMT+0530 (India Standard Time) GET /data
Tue Oct 02 2018 23:40:18 GMT+0530 (India Standard Time) GET /home
Tue Oct 02 2018 23:40:18 GMT+0530 (India Standard Time) GET /data
Tue Oct 02 2018 23:41:38 GMT+0530 (India Standard Time) GET /home
Tue Oct 02 2018 23:41:39 GMT+0530 (India Standard Time) GET /data
Tue Oct 02 2018 23:42:33 GMT+0530 (India Standard Time) GET /home
Tue Oct 02 2018 23:42:34 GMT+0530 (India Standard Time) GET /home
Tue Oct 02 2018 23:42:35 GMT+0530 (India Standard Time) GET /data
Tue Oct 02 2018 23:43:07 GMT+0530 (India Standard Time) GET /home
Tue Oct 02 2018 23:43:07 GMT+0530 (India Standard Time) GET /data
Tue Oct 02 2018 23:43:26 GMT+0530 (India Standard Time) GET /home
Tue Oct 02 2018 23:43:27 GMT+0530 (India Standard Time) GET /data
Tue Oct 02 2018 23:44:05 GMT+0530 (India Standard Time) GET /home
Tue Oct 02 2018 23:44:05 GMT+0530 (India Standard Time) GET /data
Tue Oct 02 2018 23:46:44 GMT+0530 (India Standard Time) GET /home
Tue Oct 02 2018 23:46:45 GMT+0530 (India Standard Time) GET /data
Tue Oct 02 2018 23:51:04 GMT+0530 (India Standard Time) GET /home
Tue Oct 02 2018 23:51:04 GMT+0530 (India Standard Time) GET /data
Tue Oct 02 2018 23:51:05 GMT+0530 (India Standard Time) GET /addcategory
Tue Oct 02 2018 23:51:06 GMT+0530 (India Standard Time) GET /addquantity
Tue Oct 02 2018 23:51:07 GMT+0530 (India Standard Time) GET /removequantity
Tue Oct 02 2018 23:51:10 GMT+0530 (India Standard Time) GET /home
Tue Oct 02 2018 23:51:11 GMT+0530 (India Standard Time) GET /data
Tue Oct 02 2018 23:51:28 GMT+0530 (India Standard Time) GET /addcategory
Tue Oct 02 2018 23:51:45 GMT+0530 (India Standard Time) GET /home
Tue Oct 02 2018 23:51:45 GMT+0530 (India Standard Time) GET /data
Tue Oct 02 2018 23:51:46 GMT+0530 (India Standard Time) GET /addcategory
Tue Oct 02 2018 23:51:48 GMT+0530 (India Standard Time) GET /addquantity
Tue Oct 02 2018 23:51:49 GMT+0530 (India Standard Time) GET /removequantity
Tue Oct 02 2018 23:51:51 GMT+0530 (India Standard Time) GET /home
Tue Oct 02 2018 23:51:51 GMT+0530 (India Standard Time) GET /data
Tue Oct 02 2018 23:54:06 GMT+0530 (India Standard Time) GET /addcategory
Tue Oct 02 2018 23:54:07 GMT+0530 (India Standard Time) GET /addquantity
Tue Oct 02 2018 23:54:07 GMT+0530 (India Standard Time) GET /removequantity
Wed Oct 03 2018 23:56:05 GMT+0530 (India Standard Time) GET /
Wed Oct 03 2018 23:56:05 GMT+0530 (India Standard Time) GET /favicon.ico
Wed Oct 03 2018 23:56:46 GMT+0530 (India Standard Time) GET /
Wed Oct 03 2018 23:58:22 GMT+0530 (India Standard Time) GET /
Thu Oct 04 2018 00:02:27 GMT+0530 (India Standard Time) GET /
Thu Oct 04 2018 00:04:06 GMT+0530 (India Standard Time) GET /
Thu Oct 04 2018 00:11:41 GMT+0530 (India Standard Time) POST /
Thu Oct 04 2018 00:11:41 GMT+0530 (India Standard Time) GET /
Thu Oct 04 2018 00:13:15 GMT+0530 (India Standard Time) GET /
Thu Oct 04 2018 00:13:19 GMT+0530 (India Standard Time) GET /register
Thu Oct 04 2018 00:13:38 GMT+0530 (India Standard Time) POST /register
Thu Oct 04 2018 00:13:45 GMT+0530 (India Standard Time) POST /register
Thu Oct 04 2018 00:13:45 GMT+0530 (India Standard Time) GET /register
Thu Oct 04 2018 00:14:04 GMT+0530 (India Standard Time) POST /register
Thu Oct 04 2018 00:14:15 GMT+0530 (India Standard Time) POST /register
Thu Oct 04 2018 00:14:35 GMT+0530 (India Standard Time) GET /register
Thu Oct 04 2018 00:14:43 GMT+0530 (India Standard Time) POST /
Thu Oct 04 2018 00:14:43 GMT+0530 (India Standard Time) GET /
Thu Oct 04 2018 00:14:46 GMT+0530 (India Standard Time) POST /
Thu Oct 04 2018 00:14:46 GMT+0530 (India Standard Time) GET /
Thu Oct 04 2018 00:16:23 GMT+0530 (India Standard Time) POST /
Thu Oct 04 2018 00:16:23 GMT+0530 (India Standard Time) GET /
Thu Oct 04 2018 00:16:34 GMT+0530 (India Standard Time) GET /register
Thu Oct 04 2018 00:16:53 GMT+0530 (India Standard Time) POST /register
Thu Oct 04 2018 00:16:53 GMT+0530 (India Standard Time) GET /
Thu Oct 04 2018 00:17:00 GMT+0530 (India Standard Time) POST /
Thu Oct 04 2018 00:17:00 GMT+0530 (India Standard Time) GET /home
Thu Oct 04 2018 00:17:01 GMT+0530 (India Standard Time) GET /data
Thu Oct 04 2018 00:17:34 GMT+0530 (India Standard Time) GET /
Thu Oct 04 2018 00:56:32 GMT+0530 (India Standard Time) GET /
Thu Oct 04 2018 00:56:34 GMT+0530 (India Standard Time) GET /
Thu Oct 04 2018 00:57:13 GMT+0530 (India Standard Time) GET /register
Thu Oct 04 2018 00:57:24 GMT+0530 (India Standard Time) POST /register
Thu Oct 04 2018 00:57:24 GMT+0530 (India Standard Time) GET /
Thu Oct 04 2018 00:57:32 GMT+0530 (India Standard Time) GET /register
Thu Oct 04 2018 00:57:41 GMT+0530 (India Standard Time) POST /
Thu Oct 04 2018 00:57:41 GMT+0530 (India Standard Time) GET /home
Thu Oct 04 2018 00:57:41 GMT+0530 (India Standard Time) GET /data
Thu Oct 04 2018 01:48:28 GMT+0530 (India Standard Time) GET /
Thu Oct 04 2018 01:48:48 GMT+0530 (India Standard Time) POST /
Thu Oct 04 2018 01:48:48 GMT+0530 (India Standard Time) GET /home
Thu Oct 04 2018 01:48:49 GMT+0530 (India Standard Time) GET /data
Thu Oct 04 2018 01:48:51 GMT+0530 (India Standard Time) GET /home
Thu Oct 04 2018 01:48:51 GMT+0530 (India Standard Time) GET /data
Thu Oct 04 2018 01:48:52 GMT+0530 (India Standard Time) GET /addcategory
Thu Oct 04 2018 01:48:53 GMT+0530 (India Standard Time) GET /addquantity
Thu Oct 04 2018 01:48:55 GMT+0530 (India Standard Time) GET /addcategory
Thu Oct 04 2018 01:48:56 GMT+0530 (India Standard Time) GET /addquantity
Thu Oct 04 2018 01:49:03 GMT+0530 (India Standard Time) POST /addq
Thu Oct 04 2018 01:49:04 GMT+0530 (India Standard Time) GET /favicon.ico
Thu Oct 04 2018 01:49:06 GMT+0530 (India Standard Time) GET /removequantity
Thu Oct 04 2018 01:49:15 GMT+0530 (India Standard Time) POST /removeq
Thu Oct 04 2018 01:49:18 GMT+0530 (India Standard Time) GET /home
Thu Oct 04 2018 01:49:18 GMT+0530 (India Standard Time) GET /data
Thu Oct 04 2018 01:49:28 GMT+0530 (India Standard Time) GET /addquantity
Thu Oct 04 2018 01:49:37 GMT+0530 (India Standard Time) POST /addq
Thu Oct 04 2018 01:49:38 GMT+0530 (India Standard Time) GET /home
Thu Oct 04 2018 01:49:39 GMT+0530 (India Standard Time) GET /data
Thu Oct 04 2018 01:50:03 GMT+0530 (India Standard Time) GET /
Thu Oct 04 2018 11:01:23 GMT+0530 (India Standard Time) GET /
Thu Oct 04 2018 11:01:23 GMT+0530 (India Standard Time) GET /favicon.ico
Thu Oct 04 2018 11:16:04 GMT+0530 (India Standard Time) GET /
Thu Oct 04 2018 11:16:59 GMT+0530 (India Standard Time) GET /register
Thu Oct 04 2018 11:17:09 GMT+0530 (India Standard Time) POST /register
Thu Oct 04 2018 11:19:09 GMT+0530 (India Standard Time) POST /register
Thu Oct 04 2018 11:19:55 GMT+0530 (India Standard Time) GET /register
Thu Oct 04 2018 11:20:09 GMT+0530 (India Standard Time) POST /register
Thu Oct 04 2018 14:51:02 GMT+0530 (India Standard Time) POST /
Thu Oct 04 2018 14:51:02 GMT+0530 (India Standard Time) GET /
Thu Oct 04 2018 14:51:09 GMT+0530 (India Standard Time) POST /
Thu Oct 04 2018 14:51:09 GMT+0530 (India Standard Time) GET /
Thu Oct 04 2018 14:51:12 GMT+0530 (India Standard Time) GET /register
Thu Oct 04 2018 14:51:32 GMT+0530 (India Standard Time) POST /register
Thu Oct 04 2018 14:52:40 GMT+0530 (India Standard Time) GET /
Thu Oct 04 2018 14:52:43 GMT+0530 (India Standard Time) GET /register
Thu Oct 04 2018 14:52:52 GMT+0530 (India Standard Time) POST /register
Thu Oct 04 2018 14:53:28 GMT+0530 (India Standard Time) GET /
Thu Oct 04 2018 14:53:36 GMT+0530 (India Standard Time) POST /
Thu Oct 04 2018 14:53:36 GMT+0530 (India Standard Time) GET /
Thu Oct 04 2018 14:53:37 GMT+0530 (India Standard Time) GET /register
Thu Oct 04 2018 14:53:47 GMT+0530 (India Standard Time) POST /register
Thu Oct 04 2018 14:53:47 GMT+0530 (India Standard Time) GET /
Thu Oct 04 2018 14:53:56 GMT+0530 (India Standard Time) POST /
Thu Oct 04 2018 14:53:56 GMT+0530 (India Standard Time) GET /home
Thu Oct 04 2018 14:53:57 GMT+0530 (India Standard Time) GET /data
Thu Oct 04 2018 14:54:02 GMT+0530 (India Standard Time) GET /buy
Thu Oct 04 2018 14:54:05 GMT+0530 (India Standard Time) GET /home
Thu Oct 04 2018 14:54:05 GMT+0530 (India Standard Time) GET /data
Thu Oct 04 2018 14:54:14 GMT+0530 (India Standard Time) GET /buy
Thu Oct 04 2018 14:56:47 GMT+0530 (India Standard Time) GET /home
Thu Oct 04 2018 14:56:51 GMT+0530 (India Standard Time) GET /homecustomer
Thu Oct 04 2018 14:58:41 GMT+0530 (India Standard Time) GET /homecustomer
Thu Oct 04 2018 14:58:42 GMT+0530 (India Standard Time) GET /data
Thu Oct 04 2018 14:59:37 GMT+0530 (India Standard Time) GET /homecustomer
Thu Oct 04 2018 14:59:37 GMT+0530 (India Standard Time) GET /data
Thu Oct 04 2018 14:59:40 GMT+0530 (India Standard Time) GET /homecustomer
Thu Oct 04 2018 14:59:41 GMT+0530 (India Standard Time) GET /data
Thu Oct 04 2018 14:59:42 GMT+0530 (India Standard Time) GET /buy
Thu Oct 04 2018 14:59:48 GMT+0530 (India Standard Time) POST /buy
Thu Oct 04 2018 14:59:48 GMT+0530 (India Standard Time) GET /favicon.ico
Thu Oct 04 2018 15:00:21 GMT+0530 (India Standard Time) GET /
Thu Oct 04 2018 15:00:33 GMT+0530 (India Standard Time) GET /homecustomer
Thu Oct 04 2018 15:00:33 GMT+0530 (India Standard Time) GET /data
Thu Oct 04 2018 15:00:35 GMT+0530 (India Standard Time) GET /homecustomer
Thu Oct 04 2018 15:00:35 GMT+0530 (India Standard Time) GET /data
Thu Oct 04 2018 15:00:36 GMT+0530 (India Standard Time) GET /buy
Thu Oct 04 2018 15:00:43 GMT+0530 (India Standard Time) POST /buy
Thu Oct 04 2018 15:03:15 GMT+0530 (India Standard Time) POST /buy
Thu Oct 04 2018 15:03:19 GMT+0530 (India Standard Time) GET /homecustomer
Thu Oct 04 2018 15:03:19 GMT+0530 (India Standard Time) GET /data
Thu Oct 04 2018 15:03:20 GMT+0530 (India Standard Time) GET /buy
Thu Oct 04 2018 15:03:22 GMT+0530 (India Standard Time) GET /homecustomer
Thu Oct 04 2018 15:03:22 GMT+0530 (India Standard Time) GET /data
Thu Oct 04 2018 15:06:06 GMT+0530 (India Standard Time) GET /homecustomer
Thu Oct 04 2018 15:06:06 GMT+0530 (India Standard Time) GET /data
Thu Oct 04 2018 15:06:23 GMT+0530 (India Standard Time) GET /homecustomer
Thu Oct 04 2018 15:06:23 GMT+0530 (India Standard Time) GET /data
Thu Oct 04 2018 15:06:26 GMT+0530 (India Standard Time) GET /homecustomer
Thu Oct 04 2018 15:06:26 GMT+0530 (India Standard Time) GET /data
Thu Oct 04 2018 15:06:44 GMT+0530 (India Standard Time) GET /homecustomer
Thu Oct 04 2018 15:06:44 GMT+0530 (India Standard Time) GET /data
Thu Oct 04 2018 15:06:46 GMT+0530 (India Standard Time) GET /homecustomer
Thu Oct 04 2018 15:06:46 GMT+0530 (India Standard Time) GET /data
Thu Oct 04 2018 15:06:49 GMT+0530 (India Standard Time) GET /buy
Thu Oct 04 2018 15:06:51 GMT+0530 (India Standard Time) GET /homecustomer
Thu Oct 04 2018 15:06:51 GMT+0530 (India Standard Time) GET /data
Thu Oct 04 2018 15:06:52 GMT+0530 (India Standard Time) GET /buy
Thu Oct 04 2018 15:06:53 GMT+0530 (India Standard Time) GET /homecustomer
Thu Oct 04 2018 15:06:53 GMT+0530 (India Standard Time) GET /data
Thu Oct 04 2018 15:06:55 GMT+0530 (India Standard Time) GET /buy
Thu Oct 04 2018 15:06:55 GMT+0530 (India Standard Time) GET /homecustomer
Thu Oct 04 2018 15:06:56 GMT+0530 (India Standard Time) GET /data
Thu Oct 04 2018 15:06:56 GMT+0530 (India Standard Time) GET /buy
Thu Oct 04 2018 15:07:05 GMT+0530 (India Standard Time) POST /buy
Thu Oct 04 2018 15:07:06 GMT+0530 (India Standard Time) GET /homecustomer
Thu Oct 04 2018 15:07:07 GMT+0530 (India Standard Time) GET /data
Thu Oct 04 2018 15:07:22 GMT+0530 (India Standard Time) GET /addquantity
Thu Oct 04 2018 15:07:35 GMT+0530 (India Standard Time) POST /addq
Thu Oct 04 2018 15:07:38 GMT+0530 (India Standard Time) GET /addquantity
Thu Oct 04 2018 15:07:43 GMT+0530 (India Standard Time) GET /home
Thu Oct 04 2018 15:07:44 GMT+0530 (India Standard Time) GET /data
Thu Oct 04 2018 15:07:53 GMT+0530 (India Standard Time) GET /addquantity
Thu Oct 04 2018 15:08:01 GMT+0530 (India Standard Time) POST /addq
Thu Oct 04 2018 15:08:04 GMT+0530 (India Standard Time) GET /removequantity
Thu Oct 04 2018 15:08:15 GMT+0530 (India Standard Time) POST /removeq
Thu Oct 04 2018 15:08:16 GMT+0530 (India Standard Time) GET /home
Thu Oct 04 2018 15:08:17 GMT+0530 (India Standard Time) GET /data
Thu Oct 04 2018 15:08:27 GMT+0530 (India Standard Time) GET /removequantity
Thu Oct 04 2018 15:08:40 GMT+0530 (India Standard Time) POST /removeq
Thu Oct 04 2018 15:08:41 GMT+0530 (India Standard Time) GET /home
Thu Oct 04 2018 15:08:42 GMT+0530 (India Standard Time) GET /data
Thu Oct 04 2018 15:08:53 GMT+0530 (India Standard Time) GET /removequantity
Thu Oct 04 2018 15:09:04 GMT+0530 (India Standard Time) POST /removeq
Thu Oct 04 2018 15:09:06 GMT+0530 (India Standard Time) GET /home
Thu Oct 04 2018 15:09:06 GMT+0530 (India Standard Time) GET /data
Thu Oct 04 2018 15:09:15 GMT+0530 (India Standard Time) GET /addcategory
Thu Oct 04 2018 15:09:16 GMT+0530 (India Standard Time) GET /addcategory
Thu Oct 04 2018 15:09:23 GMT+0530 (India Standard Time) POST /addcategory
Thu Oct 04 2018 15:09:26 GMT+0530 (India Standard Time) GET /home
Thu Oct 04 2018 15:09:26 GMT+0530 (India Standard Time) GET /data
Thu Oct 04 2018 15:09:44 GMT+0530 (India Standard Time) GET /
Thu Oct 04 2018 15:13:00 GMT+0530 (India Standard Time) POST /
Thu Oct 04 2018 15:13:01 GMT+0530 (India Standard Time) GET /home
Thu Oct 04 2018 15:13:01 GMT+0530 (India Standard Time) GET /data
Thu Oct 04 2018 15:13:16 GMT+0530 (India Standard Time) GET /homecustomer/
Thu Oct 04 2018 15:13:16 GMT+0530 (India Standard Time) GET /homecustomer/data
Thu Oct 04 2018 15:13:20 GMT+0530 (India Standard Time) GET /homecustomer
Thu Oct 04 2018 15:13:20 GMT+0530 (India Standard Time) GET /data
Thu Oct 04 2018 15:13:23 GMT+0530 (India Standard Time) GET /buy
Thu Oct 04 2018 15:13:31 GMT+0530 (India Standard Time) POST /buy
Thu Oct 04 2018 15:13:33 GMT+0530 (India Standard Time) GET /homecustomer
Thu Oct 04 2018 15:13:33 GMT+0530 (India Standard Time) GET /data
Thu Oct 04 2018 15:16:03 GMT+0530 (India Standard Time) GET /homecustomer
Thu Oct 04 2018 15:16:04 GMT+0530 (India Standard Time) GET /data
Thu Oct 04 2018 15:16:04 GMT+0530 (India Standard Time) GET /buy
Thu Oct 04 2018 15:16:07 GMT+0530 (India Standard Time) GET /homecustomer
Thu Oct 04 2018 15:16:07 GMT+0530 (India Standard Time) GET /data
Thu Oct 04 2018 15:17:01 GMT+0530 (India Standard Time) GET /homecustomer
Thu Oct 04 2018 15:17:02 GMT+0530 (India Standard Time) GET /data
Thu Oct 04 2018 15:17:15 GMT+0530 (India Standard Time) GET /home
Thu Oct 04 2018 15:17:15 GMT+0530 (India Standard Time) GET /data
Thu Oct 04 2018 15:17:18 GMT+0530 (India Standard Time) GET /addcategory
Thu Oct 04 2018 15:17:20 GMT+0530 (India Standard Time) GET /home
Thu Oct 04 2018 15:17:20 GMT+0530 (India Standard Time) GET /data
Thu Oct 04 2018 15:17:38 GMT+0530 (India Standard Time) GET /addcategory
Thu Oct 04 2018 15:17:48 GMT+0530 (India Standard Time) POST /addcategory
Thu Oct 04 2018 15:17:51 GMT+0530 (India Standard Time) GET /home
Thu Oct 04 2018 15:17:51 GMT+0530 (India Standard Time) GET /data
Thu Oct 04 2018 15:18:00 GMT+0530 (India Standard Time) GET /addquantity
Thu Oct 04 2018 15:18:02 GMT+0530 (India Standard Time) GET /removequantity
Thu Oct 04 2018 15:18:03 GMT+0530 (India Standard Time) GET /home
Thu Oct 04 2018 15:18:04 GMT+0530 (India Standard Time) GET /data
Thu Oct 04 2018 15:18:12 GMT+0530 (India Standard Time) GET /
Thu Oct 04 2018 15:19:26 GMT+0530 (India Standard Time) GET /
Thu Oct 04 2018 15:20:08 GMT+0530 (India Standard Time) GET /register
Thu Oct 04 2018 15:20:24 GMT+0530 (India Standard Time) POST /register
Thu Oct 04 2018 15:20:24 GMT+0530 (India Standard Time) GET /
Thu Oct 04 2018 15:20:32 GMT+0530 (India Standard Time) POST /
Thu Oct 04 2018 15:20:32 GMT+0530 (India Standard Time) GET /
Thu Oct 04 2018 15:21:17 GMT+0530 (India Standard Time) GET /register
Thu Oct 04 2018 15:21:30 GMT+0530 (India Standard Time) POST /register
Thu Oct 04 2018 15:21:30 GMT+0530 (India Standard Time) GET /
Thu Oct 04 2018 15:21:39 GMT+0530 (India Standard Time) POST /
Thu Oct 04 2018 15:21:39 GMT+0530 (India Standard Time) GET /home
Thu Oct 04 2018 15:21:39 GMT+0530 (India Standard Time) GET /data
Thu Oct 04 2018 15:21:42 GMT+0530 (India Standard Time) GET /home
Thu Oct 04 2018 15:21:42 GMT+0530 (India Standard Time) GET /data
Thu Oct 04 2018 15:21:43 GMT+0530 (India Standard Time) GET /addcategory
Thu Oct 04 2018 15:21:44 GMT+0530 (India Standard Time) GET /addquantity
Thu Oct 04 2018 15:21:45 GMT+0530 (India Standard Time) GET /removequantity
Thu Oct 04 2018 15:21:46 GMT+0530 (India Standard Time) GET /home
Thu Oct 04 2018 15:21:47 GMT+0530 (India Standard Time) GET /data
Thu Oct 04 2018 15:21:53 GMT+0530 (India Standard Time) GET /homecustomer
Thu Oct 04 2018 15:21:53 GMT+0530 (India Standard Time) GET /data
Thu Oct 04 2018 15:21:55 GMT+0530 (India Standard Time) GET /buy
Thu Oct 04 2018 15:22:05 GMT+0530 (India Standard Time) GET /homecustomer
Thu Oct 04 2018 15:22:05 GMT+0530 (India Standard Time) GET /data
Thu Oct 04 2018 15:26:35 GMT+0530 (India Standard Time) GET /home
Thu Oct 04 2018 15:26:35 GMT+0530 (India Standard Time) GET /data
Thu Oct 04 2018 15:28:38 GMT+0530 (India Standard Time) GET /home
Thu Oct 04 2018 15:28:38 GMT+0530 (India Standard Time) GET /data
Thu Oct 04 2018 15:32:38 GMT+0530 (India Standard Time) GET /home
Thu Oct 04 2018 15:32:38 GMT+0530 (India Standard Time) GET /data
Thu Oct 04 2018 15:32:39 GMT+0530 (India Standard Time) GET /home
Thu Oct 04 2018 15:32:39 GMT+0530 (India Standard Time) GET /data
Thu Oct 04 2018 15:33:09 GMT+0530 (India Standard Time) GET /home
Thu Oct 04 2018 15:33:09 GMT+0530 (India Standard Time) GET /data
Thu Oct 04 2018 15:33:39 GMT+0530 (India Standard Time) GET /home
Thu Oct 04 2018 15:33:39 GMT+0530 (India Standard Time) GET /data
Thu Oct 04 2018 15:34:12 GMT+0530 (India Standard Time) GET /home
Thu Oct 04 2018 15:34:12 GMT+0530 (India Standard Time) GET /data
Thu Oct 04 2018 15:36:54 GMT+0530 (India Standard Time) GET /home
Thu Oct 04 2018 15:36:55 GMT+0530 (India Standard Time) GET /data
Thu Oct 04 2018 15:37:35 GMT+0530 (India Standard Time) GET /home
Thu Oct 04 2018 15:37:35 GMT+0530 (India Standard Time) GET /data
Thu Oct 04 2018 15:38:05 GMT+0530 (India Standard Time) GET /home
Thu Oct 04 2018 15:38:05 GMT+0530 (India Standard Time) GET /data
Thu Oct 04 2018 15:38:33 GMT+0530 (India Standard Time) GET /home
Thu Oct 04 2018 15:38:34 GMT+0530 (India Standard Time) GET /data
Thu Oct 04 2018 15:39:50 GMT+0530 (India Standard Time) GET /home
Thu Oct 04 2018 15:39:51 GMT+0530 (India Standard Time) GET /data
Thu Oct 04 2018 15:40:23 GMT+0530 (India Standard Time) GET /home
Thu Oct 04 2018 15:40:24 GMT+0530 (India Standard Time) GET /data
Thu Oct 04 2018 15:40:45 GMT+0530 (India Standard Time) GET /
Thu Oct 04 2018 15:47:40 GMT+0530 (India Standard Time) GET /home
Thu Oct 04 2018 15:47:40 GMT+0530 (India Standard Time) GET /data
Thu Oct 04 2018 15:47:49 GMT+0530 (India Standard Time) GET /
Thu Oct 04 2018 15:48:51 GMT+0530 (India Standard Time) GET /register
Thu Oct 04 2018 15:49:08 GMT+0530 (India Standard Time) POST /register
Thu Oct 04 2018 15:49:20 GMT+0530 (India Standard Time) POST /
Thu Oct 04 2018 15:49:21 GMT+0530 (India Standard Time) GET /home
Thu Oct 04 2018 15:49:21 GMT+0530 (India Standard Time) GET /data
Thu Oct 04 2018 15:49:40 GMT+0530 (India Standard Time) GET /addquantity
Thu Oct 04 2018 15:49:48 GMT+0530 (India Standard Time) POST /addq
Thu Oct 04 2018 15:49:50 GMT+0530 (India Standard Time) GET /home
Thu Oct 04 2018 15:49:51 GMT+0530 (India Standard Time) GET /data
Thu Oct 04 2018 15:49:55 GMT+0530 (India Standard Time) GET /addcategory
Thu Oct 04 2018 15:49:58 GMT+0530 (India Standard Time) GET /home
Thu Oct 04 2018 15:49:59 GMT+0530 (India Standard Time) GET /data
Thu Oct 04 2018 15:50:35 GMT+0530 (India Standard Time) GET /homecustomer
Thu Oct 04 2018 15:50:35 GMT+0530 (India Standard Time) GET /data
Thu Oct 04 2018 15:50:53 GMT+0530 (India Standard Time) GET /buy
Thu Oct 04 2018 15:51:03 GMT+0530 (India Standard Time) POST /buy
Wed Oct 17 2018 12:28:34 GMT+0530 (India Standard Time) GET /
Wed Oct 17 2018 12:28:43 GMT+0530 (India Standard Time) POST /
Wed Oct 17 2018 12:33:30 GMT+0530 (India Standard Time) POST /
Wed Oct 17 2018 12:33:37 GMT+0530 (India Standard Time) GET /register
Wed Oct 17 2018 12:34:28 GMT+0530 (India Standard Time) GET /register
Wed Oct 17 2018 12:34:39 GMT+0530 (India Standard Time) POST /register
